<?xml version='1.0' encoding='UTF-8'?>
<testsuite hostname="mmahrous" name="forcomp.AnagramsSuite" tests="11" errors="0" failures="5" skipped="0" time="1.04" timestamp="2020-04-20T12:37:56">
                     <properties>
[...]
</properties>
                     <testcase classname="forcomp.AnagramsSuite" name="get: eat (10pts)" time="0.973">
                                                 
                                               </testcase><testcase classname="forcomp.AnagramsSuite" name="sentenceOccurrences: abcd e (5pts)" time="0.006">
                                                 
                                               </testcase><testcase classname="forcomp.AnagramsSuite" name="wordAnagrams player (2pts)" time="0.002">
                                                 
                                               </testcase><testcase classname="forcomp.AnagramsSuite" name="combinations: [] (8pts)" time="0.005">
                                                 <failure message="java.lang.AssertionError: expected:&lt;List(List())&gt; but was:&lt;List()&gt;" type="sbt.ForkMain$ForkError">sbt.ForkMain$ForkError: java.lang.AssertionError: expected:&lt;List(List())&gt; but was:&lt;List()&gt;
	at org.junit.Assert.fail(Assert.java:88)
	at org.junit.Assert.failNotEquals(Assert.java:743)
	at org.junit.Assert.assertEquals(Assert.java:118)
	at org.junit.Assert.assertEquals(Assert.java:144)
	at forcomp.AnagramsSuite.combinations$colon$u0020$u005B$u005D$u0020$u00288pts$u0029(AnagramsSuite.scala:42)
	at java.base/jdk.internal.reflect.NativeMethodAccessorImpl.invoke0(Native Method)
	at java.base/jdk.internal.reflect.NativeMethodAccessorImpl.invoke(NativeMethodAccessorImpl.java:62)
	at java.base/jdk.internal.reflect.DelegatingMethodAccessorImpl.invoke(DelegatingMethodAccessorImpl.java:43)
	at java.base/java.lang.reflect.Method.invoke(Method.java:566)
	at org.junit.runners.model.FrameworkMethod$1.runReflectiveCall(FrameworkMethod.java:47)
	at org.junit.internal.runners.model.ReflectiveCallable.run(ReflectiveCallable.java:12)
	at org.junit.runners.model.FrameworkMethod.invokeExplosively(FrameworkMethod.java:44)
	at org.junit.internal.runners.statements.InvokeMethod.evaluate(InvokeMethod.java:17)
	at org.junit.internal.runners.statements.FailOnTimeout$StatementThread.run(FailOnTimeout.java:74)
</failure>
                                               </testcase><testcase classname="forcomp.AnagramsSuite" name="sentence anagrams: Linux rulez (10pts)" time="0.011">
                                                 <failure message="scala.NotImplementedError: an implementation is missing" type="sbt.ForkMain$ForkError">sbt.ForkMain$ForkError: scala.NotImplementedError: an implementation is missing
	at scala.Predef$.$qmark$qmark$qmark(Predef.scala:347)
	at forcomp.Anagrams$.sentenceAnagrams(Anagrams.scala:150)
	at forcomp.AnagramsSuite.sentence$u0020anagrams$colon$u0020Linux$u0020rulez$u0020$u002810pts$u0029(AnagramsSuite.scala:90)
	at java.base/jdk.internal.reflect.NativeMethodAccessorImpl.invoke0(Native Method)
	at java.base/jdk.internal.reflect.NativeMethodAccessorImpl.invoke(NativeMethodAccessorImpl.java:62)
	at java.base/jdk.internal.reflect.DelegatingMethodAccessorImpl.invoke(DelegatingMethodAccessorImpl.java:43)
	at java.base/java.lang.reflect.Method.invoke(Method.java:566)
	at org.junit.runners.model.FrameworkMethod$1.runReflectiveCall(FrameworkMethod.java:47)
	at org.junit.internal.runners.model.ReflectiveCallable.run(ReflectiveCallable.java:12)
	at org.junit.runners.model.FrameworkMethod.invokeExplosively(FrameworkMethod.java:44)
	at org.junit.internal.runners.statements.InvokeMethod.evaluate(InvokeMethod.java:17)
	at org.junit.internal.runners.statements.FailOnTimeout$StatementThread.run(FailOnTimeout.java:74)
</failure>
                                               </testcase><testcase classname="forcomp.AnagramsSuite" name="subtract: lard - r (10pts)" time="0.001">
                                                 <failure message="scala.NotImplementedError: an implementation is missing" type="sbt.ForkMain$ForkError">sbt.ForkMain$ForkError: scala.NotImplementedError: an implementation is missing
	at scala.Predef$.$qmark$qmark$qmark(Predef.scala:347)
	at forcomp.Anagrams$.subtract(Anagrams.scala:108)
	at forcomp.AnagramsSuite.subtract$colon$u0020lard$u0020$minus$u0020r$u0020$u002810pts$u0029(AnagramsSuite.scala:37)
	at java.base/jdk.internal.reflect.NativeMethodAccessorImpl.invoke0(Native Method)
	at java.base/jdk.internal.reflect.NativeMethodAccessorImpl.invoke(NativeMethodAccessorImpl.java:62)
	at java.base/jdk.internal.reflect.DelegatingMethodAccessorImpl.invoke(DelegatingMethodAccessorImpl.java:43)
	at java.base/java.lang.reflect.Method.invoke(Method.java:566)
	at org.junit.runners.model.FrameworkMethod$1.runReflectiveCall(FrameworkMethod.java:47)
	at org.junit.internal.runners.model.ReflectiveCallable.run(ReflectiveCallable.java:12)
	at org.junit.runners.model.FrameworkMethod.invokeExplosively(FrameworkMethod.java:44)
	at org.junit.internal.runners.statements.InvokeMethod.evaluate(InvokeMethod.java:17)
	at org.junit.internal.runners.statements.FailOnTimeout$StatementThread.run(FailOnTimeout.java:74)
</failure>
                                               </testcase><testcase classname="forcomp.AnagramsSuite" name="wordAnagrams married (2pts)" time="0.006">
                                                 
                                               </testcase><testcase classname="forcomp.AnagramsSuite" name="sentence anagrams: [] (10pts)" time="0.002">
                                                 <failure message="scala.NotImplementedError: an implementation is missing" type="sbt.ForkMain$ForkError">sbt.ForkMain$ForkError: scala.NotImplementedError: an implementation is missing
	at scala.Predef$.$qmark$qmark$qmark(Predef.scala:347)
	at forcomp.Anagrams$.sentenceAnagrams(Anagrams.scala:150)
	at forcomp.AnagramsSuite.sentence$u0020anagrams$colon$u0020$u005B$u005D$u0020$u002810pts$u0029(AnagramsSuite.scala:63)
	at java.base/jdk.internal.reflect.NativeMethodAccessorImpl.invoke0(Native Method)
	at java.base/jdk.internal.reflect.NativeMethodAccessorImpl.invoke(NativeMethodAccessorImpl.java:62)
	at java.base/jdk.internal.reflect.DelegatingMethodAccessorImpl.invoke(DelegatingMethodAccessorImpl.java:43)
	at java.base/java.lang.reflect.Method.invoke(Method.java:566)
	at org.junit.runners.model.FrameworkMethod$1.runReflectiveCall(FrameworkMethod.java:47)
	at org.junit.internal.runners.model.ReflectiveCallable.run(ReflectiveCallable.java:12)
	at org.junit.runners.model.FrameworkMethod.invokeExplosively(FrameworkMethod.java:44)
	at org.junit.internal.runners.statements.InvokeMethod.evaluate(InvokeMethod.java:17)
	at org.junit.internal.runners.statements.FailOnTimeout$StatementThread.run(FailOnTimeout.java:74)
</failure>
                                               </testcase><testcase classname="forcomp.AnagramsSuite" name="wordOccurrences: Robert (3pts)" time="0.002">
                                                 
                                               </testcase><testcase classname="forcomp.AnagramsSuite" name="combinations: abba (8pts)" time="0.027">
                                                 <failure message="java.lang.AssertionError: expected:&lt;HashSet(List((a,1)), List((a,1), (b,1)), List((a,2), (b,2)), List(), List((b,1)), List((b,2)), List((a,1), (b,2)), List((a,2)), List((a,2), (b,1)))&gt; but was:&lt;HashSet(List((a,2), (b,2)), List((b,2)), List((a,1), (b,2)), List((a,2)), List((a,2), (b,1)))&gt;" type="sbt.ForkMain$ForkError">sbt.ForkMain$ForkError: java.lang.AssertionError: expected:&lt;HashSet(List((a,1)), List((a,1), (b,1)), List((a,2), (b,2)), List(), List((b,1)), List((b,2)), List((a,1), (b,2)), List((a,2)), List((a,2), (b,1)))&gt; but was:&lt;HashSet(List((a,2), (b,2)), List((b,2)), List((a,1), (b,2)), List((a,2)), List((a,2), (b,1)))&gt;
	at org.junit.Assert.fail(Assert.java:88)
	at org.junit.Assert.failNotEquals(Assert.java:743)
	at org.junit.Assert.assertEquals(Assert.java:118)
	at org.junit.Assert.assertEquals(Assert.java:144)
	at forcomp.AnagramsSuite.combinations$colon$u0020abba$u0020$u00288pts$u0029(AnagramsSuite.scala:57)
	at java.base/jdk.internal.reflect.NativeMethodAccessorImpl.invoke0(Native Method)
	at java.base/jdk.internal.reflect.NativeMethodAccessorImpl.invoke(NativeMethodAccessorImpl.java:62)
	at java.base/jdk.internal.reflect.DelegatingMethodAccessorImpl.invoke(DelegatingMethodAccessorImpl.java:43)
	at java.base/java.lang.reflect.Method.invoke(Method.java:566)
	at org.junit.runners.model.FrameworkMethod$1.runReflectiveCall(FrameworkMethod.java:47)
	at org.junit.internal.runners.model.ReflectiveCallable.run(ReflectiveCallable.java:12)
	at org.junit.runners.model.FrameworkMethod.invokeExplosively(FrameworkMethod.java:44)
	at org.junit.internal.runners.statements.InvokeMethod.evaluate(InvokeMethod.java:17)
	at org.junit.internal.runners.statements.FailOnTimeout$StatementThread.run(FailOnTimeout.java:74)
</failure>
                                               </testcase><testcase classname="forcomp.AnagramsSuite" name="wordOccurrences: abcd (3pts)" time="0.005">
                                                 
                                               </testcase>
                     <system-out><![CDATA[]]></system-out>
                     <system-err><![CDATA[]]></system-err>
                   </testsuite>