[0m[[0m[0mdebug[0m] [0m[0mjavaOptions: Vector()[0m
[0m[[0m[0mdebug[0m] [0m[0mForking tests - parallelism = false[0m
[0m[[0m[0mdebug[0m] [0m[0mCreate a single-thread test executor[0m
[0m[[0m[0mdebug[0m] [0m[0mRunner for org.scalatest.tools.Framework produced 0 initial tasks for 0 tests.[0m
[0m[[0m[0mdebug[0m] [0m[0mRunner for com.novocode.junit.JUnitFramework produced 1 initial tasks for 1 tests.[0m
[0m[[0m[0mdebug[0m] [0m[0m  Running TaskDef(example.ListsSuite, sbt.ForkMain$AnnotatedFingerscan@6e1c541a, false, [SuiteSelector])[0m
[0m[[0m[0minfo[0m] [0m[0m[34mTest run started[0m[0m
[0m[[0m[0minfo[0m] [0m[0mTest example.[33mListsSuite[0m.[36mone plus one is three (0pts)?[0m started[0m
[0m[[0m[0mdebug[0m] [0m[0mTest example.[33mListsSuite[0m.[36mone plus one is three (0pts)?[0m finished, took 0.006 sec[0m
[0m[[0m[0minfo[0m] [0m[0mTest example.[33mListsSuite[0m.[36mmax of a few numbers (10pts)[0m started[0m
[0m[[0m[0mdebug[0m] [0m[0mTest example.[33mListsSuite[0m.[36mmax of a few numbers (10pts)[0m finished, took 0.011 sec[0m
[0m[[0m[0minfo[0m] [0m[0mTest example.[33mListsSuite[0m.[36mintNotZero throws an exception if its argument is 0[0m started[0m
[0m[[0m[31merror[0m] [0m[0mTest example.[33mListsSuite[0m.[31mintNotZero throws an exception if its argument is 0[0m failed: java.lang.[31mAssertionError[0m: No exception has been thrown, took 0.003 sec[0m
[0m[[0m[31merror[0m] [0m[0m    at example.ListsSuite.intNotZero throws an exception if its argument is 0([35mListsSuite.scala[0m:[33m66[0m)[0m
[0m[[0m[31merror[0m] [0m[0m    at jdk.internal.reflect.NativeMethodAccessorImpl.invoke0(Native Method)[0m
[0m[[0m[31merror[0m] [0m[0m    at jdk.internal.reflect.NativeMethodAccessorImpl.invoke(NativeMethodAccessorImpl.java:62)[0m
[0m[[0m[31merror[0m] [0m[0m    at jdk.internal.reflect.DelegatingMethodAccessorImpl.invoke(DelegatingMethodAccessorImpl.java:43)[0m
[0m[[0m[31merror[0m] [0m[0m    at java.lang.reflect.Method.invoke(Method.java:566)[0m
[0m[[0m[31merror[0m] [0m[0m    ...[0m
[0m[[0m[0mdebug[0m] [0m[0mTest example.[33mListsSuite[0m.[36mintNotZero throws an exception if its argument is 0[0m finished, took 0.012 sec[0m
[0m[[0m[0minfo[0m] [0m[0mTest example.[33mListsSuite[0m.[36mdetails why one plus one is not three (0pts)[0m started[0m
[0m[[0m[0mdebug[0m] [0m[0mTest example.[33mListsSuite[0m.[36mdetails why one plus one is not three (0pts)[0m finished, took 0.004 sec[0m
[0m[[0m[0minfo[0m] [0m[0mTest example.[33mListsSuite[0m.[36msum of a few numbers (10pts)[0m started[0m
[0m[[0m[31merror[0m] [0m[0mTest example.[33mListsSuite[0m.[31msum of a few numbers (10pts)[0m failed: java.lang.[31mAssertionError[0m: assertion failed, took 0.003 sec[0m
[0m[[0m[31merror[0m] [0m[0m    at scala.Predef$.assert(Predef.scala:267)[0m
[0m[[0m[31merror[0m] [0m[0m    at example.ListsSuite.sum of a few numbers (10pts)([35mListsSuite.scala[0m:[33m97[0m)[0m
[0m[[0m[31merror[0m] [0m[0m    at jdk.internal.reflect.NativeMethodAccessorImpl.invoke0(Native Method)[0m
[0m[[0m[31merror[0m] [0m[0m    at jdk.internal.reflect.NativeMethodAccessorImpl.invoke(NativeMethodAccessorImpl.java:62)[0m
[0m[[0m[31merror[0m] [0m[0m    at jdk.internal.reflect.DelegatingMethodAccessorImpl.invoke(DelegatingMethodAccessorImpl.java:43)[0m
[0m[[0m[31merror[0m] [0m[0m    at java.lang.reflect.Method.invoke(Method.java:566)[0m
[0m[[0m[31merror[0m] [0m[0m    ...[0m
[0m[[0m[0mdebug[0m] [0m[0mTest example.[33mListsSuite[0m.[36msum of a few numbers (10pts)[0m finished, took 0.012 sec[0m
[0m[[0m[0minfo[0m] [0m[0mTest example.[33mListsSuite[0m.[36mone plus one is two (0pts)[0m started[0m
[0m[[0m[0mdebug[0m] [0m[0mTest example.[33mListsSuite[0m.[36mone plus one is two (0pts)[0m finished, took 0.002 sec[0m
[0m[[0m[0minfo[0m] [0m[0m[34mTest run finished: [0m[31m2 failed[0m[34m, [0m[34m0 ignored[0m[34m, 6 total, 0.079s[0m[0m
[0m[[0m[0mdebug[0m] [0m[0m    Produced 0 nested tasks and 6 events.[0m
[0m[[0m[0minfo[0m] [0m[0mScalaTest[0m
[0m[[0m[0minfo[0m] [0m[0m[36mRun completed in 3 seconds, 631 milliseconds.[0m[0m
[0m[[0m[0minfo[0m] [0m[0m[36mTotal number of tests run: 0[0m[0m
[0m[[0m[0minfo[0m] [0m[0m[36mSuites: completed 0, aborted 0[0m[0m
[0m[[0m[0minfo[0m] [0m[0m[36mTests: succeeded 0, failed 0, canceled 0, ignored 0, pending 0[0m[0m
[0m[[0m[0minfo[0m] [0m[0m[33mNo tests were executed.[0m[0m
[0m[[0m[0mdebug[0m] [0m[0mSummary for JUnit not available.[0m
[0m[[0m[31merror[0m] [0m[0mFailed: Total 6, Failed 2, Errors 0, Passed 4[0m
[0m[[0m[31merror[0m] [0m[0mFailed tests:[0m
[0m[[0m[31merror[0m] [0m[0m	example.ListsSuite[0m
