[0m[[0m[0mdebug[0m] [0m[0mjavaOptions: Vector()[0m
[0m[[0m[0mdebug[0m] [0m[0mForking tests - parallelism = false[0m
[0m[[0m[0mdebug[0m] [0m[0mCreate a single-thread test executor[0m
[0m[[0m[0mdebug[0m] [0m[0mRunner for com.novocode.junit.JUnitFramework produced 1 initial tasks for 1 tests.[0m
[0m[[0m[0mdebug[0m] [0m[0m  Running TaskDef(forcomp.AnagramsSuite, sbt.ForkMain$AnnotatedFingerscan@2d9a55d2, false, [SuiteSelector])[0m
[0m[[0m[0minfo[0m] [0m[0m[34mTest run started[0m[0m
[0m[[0m[0minfo[0m] [0m[0mTest forcomp.[33mAnagramsSuite[0m.[36mdictionaryByOccurrences.get: eat (10pts)[0m started[0m
[0m[[0m[0mdebug[0m] [0m[0mTest forcomp.[33mAnagramsSuite[0m.[36mdictionaryByOccurrences.get: eat (10pts)[0m finished, took 0.973 sec[0m
[0m[[0m[0minfo[0m] [0m[0mTest forcomp.[33mAnagramsSuite[0m.[36msentenceOccurrences: abcd e (5pts)[0m started[0m
[0m[[0m[0mdebug[0m] [0m[0mTest forcomp.[33mAnagramsSuite[0m.[36msentenceOccurrences: abcd e (5pts)[0m finished, took 0.006 sec[0m
[0m[[0m[0minfo[0m] [0m[0mTest forcomp.[33mAnagramsSuite[0m.[36mwordAnagrams player (2pts)[0m started[0m
[0m[[0m[0mdebug[0m] [0m[0mTest forcomp.[33mAnagramsSuite[0m.[36mwordAnagrams player (2pts)[0m finished, took 0.002 sec[0m
[0m[[0m[0minfo[0m] [0m[0mTest forcomp.[33mAnagramsSuite[0m.[36mcombinations: [] (8pts)[0m started[0m
[0m[[0m[31merror[0m] [0m[0mTest forcomp.[33mAnagramsSuite[0m.[31mcombinations: [] (8pts)[0m failed: java.lang.[31mAssertionError[0m: expected:<List(List())> but was:<List()>, took 0.005 sec[0m
[0m[[0m[31merror[0m] [0m[0m    at forcomp.AnagramsSuite.combinations: [] (8pts)([35mAnagramsSuite.scala[0m:[33m42[0m)[0m
[0m[[0m[31merror[0m] [0m[0m    at jdk.internal.reflect.NativeMethodAccessorImpl.invoke0(Native Method)[0m
[0m[[0m[31merror[0m] [0m[0m    at jdk.internal.reflect.NativeMethodAccessorImpl.invoke(NativeMethodAccessorImpl.java:62)[0m
[0m[[0m[31merror[0m] [0m[0m    at jdk.internal.reflect.DelegatingMethodAccessorImpl.invoke(DelegatingMethodAccessorImpl.java:43)[0m
[0m[[0m[31merror[0m] [0m[0m    at java.lang.reflect.Method.invoke(Method.java:566)[0m
[0m[[0m[31merror[0m] [0m[0m    ...[0m
[0m[[0m[0mdebug[0m] [0m[0mTest forcomp.[33mAnagramsSuite[0m.[36mcombinations: [] (8pts)[0m finished, took 0.009 sec[0m
[0m[[0m[0minfo[0m] [0m[0mTest forcomp.[33mAnagramsSuite[0m.[36msentence anagrams: Linux rulez (10pts)[0m started[0m
[0m[[0m[31merror[0m] [0m[0mTest forcomp.[33mAnagramsSuite[0m.[31msentence anagrams: Linux rulez (10pts)[0m failed: scala.[31mNotImplementedError[0m: an implementation is missing, took 0.011 sec[0m
[0m[[0m[31merror[0m] [0m[0m    at scala.Predef$.???(Predef.scala:347)[0m
[0m[[0m[31merror[0m] [0m[0m    at forcomp.Anagrams$.sentenceAnagrams(Anagrams.scala:150)[0m
[0m[[0m[31merror[0m] [0m[0m    at forcomp.AnagramsSuite.sentence anagrams: Linux rulez (10pts)([35mAnagramsSuite.scala[0m:[33m90[0m)[0m
[0m[[0m[31merror[0m] [0m[0m    at jdk.internal.reflect.NativeMethodAccessorImpl.invoke0(Native Method)[0m
[0m[[0m[31merror[0m] [0m[0m    at jdk.internal.reflect.NativeMethodAccessorImpl.invoke(NativeMethodAccessorImpl.java:62)[0m
[0m[[0m[31merror[0m] [0m[0m    at jdk.internal.reflect.DelegatingMethodAccessorImpl.invoke(DelegatingMethodAccessorImpl.java:43)[0m
[0m[[0m[31merror[0m] [0m[0m    at java.lang.reflect.Method.invoke(Method.java:566)[0m
[0m[[0m[31merror[0m] [0m[0m    ...[0m
[0m[[0m[0mdebug[0m] [0m[0mTest forcomp.[33mAnagramsSuite[0m.[36msentence anagrams: Linux rulez (10pts)[0m finished, took 0.015 sec[0m
[0m[[0m[0minfo[0m] [0m[0mTest forcomp.[33mAnagramsSuite[0m.[36msubtract: lard - r (10pts)[0m started[0m
[0m[[0m[31merror[0m] [0m[0mTest forcomp.[33mAnagramsSuite[0m.[31msubtract: lard - r (10pts)[0m failed: scala.[31mNotImplementedError[0m: an implementation is missing, took 0.001 sec[0m
[0m[[0m[31merror[0m] [0m[0m    at scala.Predef$.???(Predef.scala:347)[0m
[0m[[0m[31merror[0m] [0m[0m    at forcomp.Anagrams$.subtract(Anagrams.scala:108)[0m
[0m[[0m[31merror[0m] [0m[0m    at forcomp.AnagramsSuite.subtract: lard - r (10pts)([35mAnagramsSuite.scala[0m:[33m37[0m)[0m
[0m[[0m[31merror[0m] [0m[0m    at jdk.internal.reflect.NativeMethodAccessorImpl.invoke0(Native Method)[0m
[0m[[0m[31merror[0m] [0m[0m    at jdk.internal.reflect.NativeMethodAccessorImpl.invoke(NativeMethodAccessorImpl.java:62)[0m
[0m[[0m[31merror[0m] [0m[0m    at jdk.internal.reflect.DelegatingMethodAccessorImpl.invoke(DelegatingMethodAccessorImpl.java:43)[0m
[0m[[0m[31merror[0m] [0m[0m    at java.lang.reflect.Method.invoke(Method.java:566)[0m
[0m[[0m[31merror[0m] [0m[0m    ...[0m
[0m[[0m[0mdebug[0m] [0m[0mTest forcomp.[33mAnagramsSuite[0m.[36msubtract: lard - r (10pts)[0m finished, took 0.003 sec[0m
[0m[[0m[0minfo[0m] [0m[0mTest forcomp.[33mAnagramsSuite[0m.[36mwordAnagrams married (2pts)[0m started[0m
[0m[[0m[0mdebug[0m] [0m[0mTest forcomp.[33mAnagramsSuite[0m.[36mwordAnagrams married (2pts)[0m finished, took 0.006 sec[0m
[0m[[0m[0minfo[0m] [0m[0mTest forcomp.[33mAnagramsSuite[0m.[36msentence anagrams: [] (10pts)[0m started[0m
[0m[[0m[31merror[0m] [0m[0mTest forcomp.[33mAnagramsSuite[0m.[31msentence anagrams: [] (10pts)[0m failed: scala.[31mNotImplementedError[0m: an implementation is missing, took 0.002 sec[0m
[0m[[0m[31merror[0m] [0m[0m    at scala.Predef$.???(Predef.scala:347)[0m
[0m[[0m[31merror[0m] [0m[0m    at forcomp.Anagrams$.sentenceAnagrams(Anagrams.scala:150)[0m
[0m[[0m[31merror[0m] [0m[0m    at forcomp.AnagramsSuite.sentence anagrams: [] (10pts)([35mAnagramsSuite.scala[0m:[33m63[0m)[0m
[0m[[0m[31merror[0m] [0m[0m    at jdk.internal.reflect.NativeMethodAccessorImpl.invoke0(Native Method)[0m
[0m[[0m[31merror[0m] [0m[0m    at jdk.internal.reflect.NativeMethodAccessorImpl.invoke(NativeMethodAccessorImpl.java:62)[0m
[0m[[0m[31merror[0m] [0m[0m    at jdk.internal.reflect.DelegatingMethodAccessorImpl.invoke(DelegatingMethodAccessorImpl.java:43)[0m
[0m[[0m[31merror[0m] [0m[0m    at java.lang.reflect.Method.invoke(Method.java:566)[0m
[0m[[0m[31merror[0m] [0m[0m    ...[0m
[0m[[0m[0mdebug[0m] [0m[0mTest forcomp.[33mAnagramsSuite[0m.[36msentence anagrams: [] (10pts)[0m finished, took 0.005 sec[0m
[0m[[0m[0minfo[0m] [0m[0mTest forcomp.[33mAnagramsSuite[0m.[36mwordOccurrences: Robert (3pts)[0m started[0m
[0m[[0m[0mdebug[0m] [0m[0mTest forcomp.[33mAnagramsSuite[0m.[36mwordOccurrences: Robert (3pts)[0m finished, took 0.002 sec[0m
[0m[[0m[0minfo[0m] [0m[0mTest forcomp.[33mAnagramsSuite[0m.[36mcombinations: abba (8pts)[0m started[0m
[0m[[0m[31merror[0m] [0m[0mTest forcomp.[33mAnagramsSuite[0m.[31mcombinations: abba (8pts)[0m failed: java.lang.[31mAssertionError[0m: expected:<HashSet(List((a,1)), List((a,1), (b,1)), List((a,2), (b,2)), List(), List((b,1)), List((b,2)), List((a,1), (b,2)), List((a,2)), List((a,2), (b,1)))> but was:<HashSet(List((a,2), (b,2)), List((b,2)), List((a,1), (b,2)), List((a,2)), List((a,2), (b,1)))>, took 0.027 sec[0m
[0m[[0m[31merror[0m] [0m[0m    at forcomp.AnagramsSuite.combinations: abba (8pts)([35mAnagramsSuite.scala[0m:[33m57[0m)[0m
[0m[[0m[31merror[0m] [0m[0m    at jdk.internal.reflect.NativeMethodAccessorImpl.invoke0(Native Method)[0m
[0m[[0m[31merror[0m] [0m[0m    at jdk.internal.reflect.NativeMethodAccessorImpl.invoke(NativeMethodAccessorImpl.java:62)[0m
[0m[[0m[31merror[0m] [0m[0m    at jdk.internal.reflect.DelegatingMethodAccessorImpl.invoke(DelegatingMethodAccessorImpl.java:43)[0m
[0m[[0m[31merror[0m] [0m[0m    at java.lang.reflect.Method.invoke(Method.java:566)[0m
[0m[[0m[31merror[0m] [0m[0m    ...[0m
[0m[[0m[0mdebug[0m] [0m[0mTest forcomp.[33mAnagramsSuite[0m.[36mcombinations: abba (8pts)[0m finished, took 0.029 sec[0m
[0m[[0m[0minfo[0m] [0m[0mTest forcomp.[33mAnagramsSuite[0m.[36mwordOccurrences: abcd (3pts)[0m started[0m
[0m[[0m[0mdebug[0m] [0m[0mTest forcomp.[33mAnagramsSuite[0m.[36mwordOccurrences: abcd (3pts)[0m finished, took 0.005 sec[0m
[0m[[0m[0minfo[0m] [0m[0m[34mTest run finished: [0m[31m5 failed[0m[34m, [0m[34m0 ignored[0m[34m, 11 total, 1.129s[0m[0m
[0m[[0m[0mdebug[0m] [0m[0m    Produced 0 nested tasks and 11 events.[0m
[0m[[0m[0mdebug[0m] [0m[0mSummary for JUnit not available.[0m
[0m[[0m[31merror[0m] [0m[0mFailed: Total 11, Failed 5, Errors 0, Passed 6[0m
[0m[[0m[31merror[0m] [0m[0mFailed tests:[0m
[0m[[0m[31merror[0m] [0m[0m	forcomp.AnagramsSuite[0m
[0m[[0m[31merror[0m] [0m[0m(Test / [31mtest[0m) sbt.TestsFailedException: Tests unsuccessful[0m
