<?xml version='1.0' encoding='UTF-8'?>
<testsuite hostname="mmahrous-pc" name="funsets.FunSetSuite" tests="3" errors="0" failures="0" skipped="0" time="0.103" timestamp="2020-04-15T11:02:18">
                     <properties>
[...]
</properties>
                     <testcase classname="funsets.FunSetSuite" name="singleton set one contains one" time="0.093">
                                                 
                                               </testcase><testcase classname="funsets.FunSetSuite" name="union contains all elements of each set" time="0.005">
                                                 
                                               </testcase><testcase classname="funsets.FunSetSuite" name="contains is implemented" time="0.005">
                                                 
                                               </testcase>
                     <system-out><![CDATA[]]></system-out>
                     <system-err><![CDATA[]]></system-err>
                   </testsuite>